1123
0 320 294
1 304 308
2 306 299
3 334 288
4 323 288
5 333 291
6 317 296
7 342 319
8 307 304
9 334 301
10 311 302
11 306 293
12 342 277
13 314 312
14 338 313
15 311 303
16 306 277
17 315 318
18 327 316
19 325 308
20 300 289
21 310 315
22 301 321
23 332 318
24 338 292
25 322 292
26 330 299
27 311 287
28 304 303
29 320 301
30 318 293
31 303 281
32 302 283
33 342 292
34 337 283
35 307 300
36 301 311
37 310 311
38 321 287
39 330 278
40 308 320
41 311 309
42 303 278
43 301 316
44 306 309
45 317 279
46 341 313
47 314 321
48 312 314
49 333 295
50 335 298
51 319 280
52 319 311
53 334 315
54 302 304
55 344 291
56 320 296
57 309 314
58 324 316
59 337 289
60 311 290
61 344 318
62 335 310
63 308 313
64 300 297
65 319 283
66 343 314
67 333 286
68 308 288
69 310 298
70 301 280
71 324 296
72 316 320
73 317 298
74 307 320
75 302 286
76 340 317
77 325 290
78 326 319
79 301 315
80 314 317
81 335 289
82 302 310
83 330 289
84 305 286
85 305 283
86 324 294
87 335 286
88 336 281
89 316 294
90 328 290
91 327 283
92 337 296
93 336 317
94 333 278
95 330 318
96 322 313
97 312 290
98 336 292
99 338 305
100 335 303
101 333 280
102 302 291
103 311 297
104 317 316
105 315 282
106 335 278
107 301 295
108 342 309
109 323 293
110 330 301
111 335 314
112 335 288
113 319 290
114 323 307
115 326 293
116 329 306
117 344 303
118 307 289
119 300 299
120 315 288
121 333 303
122 308 292
123 310 310
124 334 295
125 335 316
126 339 279
127 322 309
128 321 280
129 342 315
130 341 319
131 339 320
132 322 282
133 301 309
134 310 321
135 318 308
136 322 286
137 305 277
138 326 286
139 308 296
140 312 317
141 326 280
142 337 295
143 311 301
144 319 305
145 308 285
146 331 278
147 308 307
148 301 299
149 315 309
150 326 320
151 325 294
152 314 296
153 319 307
154 344 317
155 339 315
156 322 281
157 301 317
158 330 315
159 300 284
160 315 292
161 307 307
162 328 316
163 307 318
164 303 279
165 331 311
166 320 302
167 304 306
168 337 304
169 321 306
170 319 282
171 318 309
172 338 311
173 321 278
174 325 314
175 322 294
176 340 321
177 334 304
178 333 313
179 308 302
180 317 315
181 333 308
182 324 286
183 337 280
184 314 308
185 330 302
186 303 316
187 306 285
188 312 316
189 314 294
190 325 319
191 311 308
192 337 321
193 306 320
194 332 299
195 306 308
196 309 303
197 316 318
198 306 307
199 324 277
200 333 321
201 313 293
202 337 312
203 344 289
204 323 284
205 308 304
206 300 318
207 343 315
208 300 290
209 310 313
210 304 320
211 302 279
212 316 284
213 321 279
214 340 314
215 302 308
216 329 302
217 322 305
218 305 320
219 305 303
220 340 292
221 318 307
222 309 283
223 310 278
224 303 306
225 336 298
226 334 306
227 300 280
228 324 292
229 313 304
230 311 312
231 304 301
232 339 313
233 309 279
234 336 280
235 310 306
236 307 317
237 341 315
238 313 315
239 332 314
240 340 282
241 331 303
242 312 279
243 328 302
244 312 281
245 329 284
246 339 277
247 328 310
248 328 317
249 324 320
250 325 317
251 305 316
252 324 279
253 314 316
254 330 307
255 317 291
256 313 279
257 308 311
258 342 316
259 337 288
260 327 317
261 332 320
262 314 309
263 342 287
264 307 279
265 335 284
266 342 307
267 324 300
268 302 284
269 321 281
270 324 284
271 337 287
272 340 299
273 329 279
274 338 308
275 308 277
276 328 312
277 330 309
278 329 293
279 313 318
280 323 320
281 327 278
282 321 299
283 325 309
284 323 310
285 331 308
286 320 315
287 339 289
288 334 285
289 326 301
290 321 305
291 332 301
292 341 288
293 316 289
294 327 293
295 312 311
296 342 311
297 335 291
298 309 307
299 330 284
300 326 302
301 327 313
302 331 277
303 307 283
304 314 314
305 338 285
306 304 292
307 322 321
308 334 300
309 302 321
310 306 280
311 310 307
312 307 293
313 303 296
314 326 290
315 317 286
316 312 282
317 332 303
318 324 289
319 304 295
320 308 300
321 311 283
322 324 311
323 304 298
324 327 286
325 307 312
326 340 310
327 302 293
328 303 289
329 340 277
330 306 302
331 330 293
332 302 305
333 327 303
334 335 299
335 310 285
336 344 296
337 328 292
338 301 284
339 325 295
340 323 306
341 334 289
342 320 309
343 336 302
344 336 314
345 313 316
346 326 316
347 310 305
348 300 315
349 318 283
350 324 282
351 312 315
352 329 319
353 301 298
354 304 286
355 307 298
356 315 306
357 302 314
358 301 281
359 327 304
360 322 290
361 314 295
362 325 313
363 343 309
364 335 317
365 313 292
366 305 311
367 338 301
368 344 294
369 319 313
370 317 284
371 314 299
372 332 321
373 335 305
374 300 287
375 337 293
376 315 285
377 300 293
378 300 319
379 327 307
380 307 291
381 343 299
382 323 305
383 305 321
384 321 289
385 307 285
386 325 300
387 305 309
388 343 298
389 328 309
390 302 319
391 313 277
392 344 306
393 320 308
394 332 289
395 325 305
396 339 281
397 321 293
398 321 318
399 338 277
400 323 296
401 312 303
402 304 314
403 340 304
404 324 293
405 300 294
406 316 295
407 307 316
408 341 316
409 329 320
410 303 303
411 336 316
412 312 300
413 317 280
414 340 289
415 319 281
416 333 287
417 321 290
418 302 298
419 323 279
420 319 310
421 301 301
422 318 279
423 344 316
424 339 318
425 315 313
426 301 286
427 320 284
428 334 280
429 341 306
430 326 309
431 307 301
432 332 313
433 336 285
434 324 287
435 310 292
436 315 301
437 325 310
438 335 281
439 332 292
440 311 280
441 305 306
442 331 310
443 336 294
444 341 308
445 337 306
446 339 292
447 306 290
448 308 282
449 327 300
450 331 292
451 325 298
452 306 317
453 319 321
454 311 313
455 337 310
456 334 284
457 310 302
458 339 282
459 344 287
460 333 279
461 311 284
462 316 296
463 310 294
464 309 302
465 340 285
466 314 286
467 311 281
468 319 294
469 319 293
470 327 306
471 316 288
472 308 280
473 341 310
474 342 299
475 303 310
476 303 282
477 303 305
478 306 282
479 343 317
480 337 292
481 335 304
482 318 321
483 337 279
484 313 302
485 329 296
486 326 285
487 341 282
488 318 303
489 314 303
490 322 287
491 302 288
492 328 293
493 964 836
494 954 819
495 1008 795
496 946 816
497 974 826
498 999 795
499 972 825
500 986 828
501 962 850
502 993 798
503 984 833
504 943 809
505 1000 855
506 990 804
507 954 790
508 1002 839
509 1003 820
510 988 788
511 978 846
512 955 805
513 943 832
514 944 800
515 995 810
516 986 832
517 965 851
518 1006 842
519 988 806
520 988 791
521 976 804
522 945 792
523 1009 828
524 1006 827
525 977 828
526 977 838
527 978 832
528 955 828
529 966 819
530 971 806
531 994 813
532 945 793
533 964 840
534 952 789
535 958 830
536 1003 809
537 954 806
538 993 847
539 948 800
540 997 853
541 962 794
542 959 818
543 996 798
544 949 830
545 989 805
546 978 833
547 949 827
548 960 794
549 982 829
550 955 839
551 980 849
552 998 810
553 987 824
554 1001 817
555 948 802
556 943 806
557 951 827
558 958 832
559 976 828
560 977 800
561 994 793
562 986 838
563 971 839
564 971 803
565 956 842
566 993 835
567 989 847
568 998 789
569 979 797
570 961 856
571 1002 792
572 992 814
573 953 807
574 958 841
575 998 800
576 946 827
577 978 790
578 1003 854
579 977 802
580 954 842
581 970 796
582 998 835
583 972 801
584 965 792
585 972 799
586 975 800
587 1009 831
588 943 839
589 993 788
590 944 848
591 970 850
592 959 790
593 997 831
594 979 842
595 993 801
596 978 817
597 998 853
598 986 803
599 1009 833
600 949 810
601 988 795
602 975 836
603 980 788
604 956 820
605 1006 836
606 984 853
607 967 842
608 967 789
609 953 827
610 953 810
611 1004 835
612 972 818
613 946 855
614 987 843
615 990 829
616 976 800
617 955 841
618 943 833
619 998 844
620 989 791
621 993 829
622 944 830
623 958 807
624 982 823
625 985 821
626 1007 806
627 1003 842
628 948 840
629 997 856
630 955 821
631 991 834
632 954 800
633 997 790
634 997 848
635 994 807
636 950 792
637 999 808
638 999 824
639 981 811
640 991 802
641 957 840
642 967 828
643 997 794
644 955 801
645 953 814
646 950 805
647 976 831
648 996 829
649 982 788
650 992 841
651 987 813
652 980 844
653 987 848
654 982 833
655 1003 792
656 970 828
657 989 822
658 970 832
659 976 835
660 968 819
661 948 816
662 995 840
663 956 830
664 972 852
665 952 831
666 955 846
667 1010 841
668 981 790
669 957 843
670 1008 843
671 946 828
672 948 833
673 963 832
674 943 820
675 986 816
676 994 824
677 1000 819
678 964 809
679 982 844
680 977 823
681 1007 812
682 945 833
683 989 813
684 956 839
685 985 853
686 979 792
687 965 802
688 957 839
689 984 834
690 999 833
691 958 837
692 998 794
693 981 805
694 946 850
695 950 810
696 995 797
697 952 841
698 1006 853
699 945 803
700 1007 829
701 951 823
702 978 821
703 987 815
704 960 838
705 1009 836
706 953 840
707 958 802
708 974 790
709 984 855
710 995 838
711 948 855
712 949 828
713 944 803
714 970 822
715 987 836
716 956 829
717 1010 832
718 944 795
719 993 828
720 999 844
721 967 802
722 945 836
723 1011 788
724 1003 846
725 961 833
726 959 844
727 953 801
728 1010 822
729 987 805
730 981 850
731 957 847
732 977 826
733 997 799
734 1009 850
735 979 844
736 993 841
737 963 822
738 965 826
739 957 824
740 980 794
741 994 820
742 964 791
743 999 856
744 961 794
745 981 815
746 951 822
747 962 807
748 985 818
749 975 816
750 963 808
751 965 836
752 969 819
753 954 825
754 967 817
755 979 798
756 973 837
757 985 827
758 972 839
759 960 792
760 1006 839
761 955 831
762 996 820
763 952 853
764 981 800
765 954 794
766 1005 854
767 981 798
768 975 837
769 951 830
770 943 844
771 991 793
772 993 838
773 958 816
774 991 800
775 949 843
776 946 825
777 1008 820
778 969 841
779 1009 845
780 1010 854
781 994 816
782 977 825
783 962 851
784 943 794
785 968 818
786 983 799
787 1002 854
788 984 856
789 963 817
790 961 818
791 979 806
792 997 825
793 1003 819
794 1005 843
795 964 822
796 990 803
797 995 837
798 1005 803
799 989 824
800 945 852
801 945 855
802 978 788
803 981 809
804 970 839
805 985 809
806 979 814
807 995 820
808 971 788
809 951 818
810 1010 853
811 1007 852
812 995 835
813 969 844
814 973 847
815 962 808
816 973 790
817 948 827
818 962 819
819 1010 803
820 952 803
821 1009 809
822 1000 798
823 965 846
824 956 825
825 1010 838
826 1008 824
827 1011 841
828 1000 804
829 956 821
830 978 850
831 1003 823
832 988 841
833 1008 802
834 1008 803
835 952 839
836 986 853
837 998 845
838 979 831
839 951 826
840 949 792
841 969 837
842 953 839
843 972 797
844 972 802
845 1006 854
846 980 803
847 972 809
848 967 841
849 994 838
850 949 850
851 978 811
852 988 790
853 965 835
854 983 806
855 977 848
856 977 835
857 953 833
858 974 852
859 952 832
860 957 815
861 946 791
862 1005 845
863 985 795
864 967 822
865 980 816
866 984 788
867 974 842
868 996 855
869 994 805
870 946 821
871 999 802
872 996 809
873 984 832
874 995 818
875 983 794
876 955 817
877 1008 829
878 971 828
879 952 845
880 946 811
881 951 789
882 991 810
883 998 838
884 987 837
885 943 850
886 995 844
887 1011 820
888 997 792
889 952 821
890 954 843
891 971 816
892 943 845
893 986 819
894 977 853
895 996 831
896 995 854
897 949 841
898 950 839
899 966 846
900 1002 848
901 1008 825
902 945 826
903 977 789
904 943 801
905 964 855
906 972 813
907 984 851
908 992 806
909 977 821
910 959 834
911 954 849
912 991 809
913 978 793
914 955 837
915 1003 832
916 991 832
917 975 838
918 1010 793
919 979 793
920 992 824
921 1008 840
922 956 836
923 996 836
924 974 831
925 968 802
926 990 818
927 1008 841
928 946 795
929 984 847
930 985 810
931 983 812
932 1006 838
933 959 797
934 969 820
935 1000 820
936 957 805
937 1011 828
938 958 805
939 971 838
940 984 795
941 965 793
942 946 830
943 961 825
944 1010 807
945 964 812
946 979 818
947 997 839
948 967 834
949 1005 804
950 974 819
951 946 837
952 1005 830
953 948 846
954 954 820
955 971 794
956 1002 850
957 982 834
958 964 815
959 954 837
960 958 828
961 962 845
962 979 807
963 1006 850
964 974 848
965 1010 850
966 961 814
967 969 852
968 945 788
969 991 812
970 943 823
971 964 828
972 949 802
973 1005 823
974 976 823
975 974 795
976 989 835
977 968 816
978 968 804
979 982 851
980 995 804
981 943 822
982 1002 822
983 971 791
984 954 793
985 973 829
986 976 849
987 973 846
988 983 855
989 969 834
990 981 818
991 962 833
992 963 828
993 1008 849
994 965 829
995 947 833
996 992 813
997 1000 814
998 988 828
999 971 805
1000 1010 811
1001 976 811
1002 1004 822
1003 944 807
1004 975 813
1005 995 815
1006 944 480
1007 967 432
1008 1028 418
1009 1003 399
1010 968 469
1011 1032 484
1012 950 445
1013 971 396
1014 993 405
1015 981 490
1016 968 384
1017 942 488
1018 1014 472
1019 969 451
1020 963 392
1021 948 425
1022 979 386
1023 1027 478
1024 962 485
1025 935 395
1026 1043 409
1027 968 458
1028 962 483
1029 1026 420
1030 1045 489
1031 997 431
1032 934 418
1033 1030 480
1034 1020 420
1035 1046 393
1036 1032 457
1037 1015 403
1038 1044 403
1039 971 469
1040 1002 451
1041 1012 418
1042 989 496
1043 936 481
1044 964 474
1045 938 456
1046 968 470
1047 931 423
1048 1019 413
1049 934 436
1050 974 410
1051 1040 468
1052 940 469
1053 978 477
1054 932 381
1055 952 407
1056 934 465
1057 931 451
1058 1015 487
1059 1039 471
1060 965 464
1061 940 395
1062 1017 465
1063 940 388
1064 1039 478
1065 1037 380
1066 1031 491
1067 933 396
1068 979 416
1069 1036 438
1070 930 401
1071 998 398
1072 1012 413
1073 1027 494
1074 1036 443
1075 978 430
1076 998 435
1077 1046 489
1078 960 426
1079 992 416
1080 1030 456
1081 1033 467
1082 979 469
1083 1022 444
1084 1043 441
1085 977 393
1086 941 399
1087 973 458
1088 963 427
1089 992 448
1090 982 471
1091 954 463
1092 982 451
1093 1027 477
1094 969 484
1095 933 422
1096 1038 401
1097 1024 387
1098 951 402
1099 1036 429
1100 965 398
1101 1017 415
1102 966 445
1103 1042 399
1104 1046 472
1105 1004 429
1106 1045 451
1107 978 454
1108 975 389
1109 1028 474
1110 968 431
1111 946 461
1112 945 445
1113 1018 465
1114 956 416
1115 1011 468
1116 1025 475
1117 981 451
1118 1041 477
1119 943 385
1120 1040 400
1121 1016 476
1122 970 425
