1014
0 325 264
1 146 201
2 293 340
3 319 175
4 101 115
5 348 18
6 17 108
7 371 70
8 183 184
9 61 137
10 290 256
11 55 81
12 60 286
13 350 122
14 111 142
15 130 304
16 269 15
17 281 112
18 392 370
19 156 74
20 220 98
21 193 42
22 79 366
23 162 331
24 188 86
25 120 344
26 68 394
27 234 30
28 179 294
29 389 129
30 146 13
31 204 167
32 34 141
33 133 157
34 236 119
35 254 189
36 192 340
37 136 51
38 302 340
39 131 88
40 237 13
41 66 283
42 398 356
43 53 233
44 97 332
45 179 316
46 0 292
47 82 322
48 313 63
49 214 174
50 123 246
51 205 295
52 314 102
53 122 110
54 258 158
55 373 367
56 399 322
57 13 342
58 116 307
59 180 311
60 296 345
61 179 161
62 223 163
63 243 295
64 360 160
65 208 19
66 73 285
67 369 4
68 14 38
69 377 181
70 147 115
71 348 244
72 385 192
73 41 339
74 29 215
75 164 20
76 267 295
77 370 198
78 53 298
79 141 387
80 258 244
81 338 91
82 129 47
83 380 154
84 225 9
85 35 75
86 82 348
87 319 188
88 258 328
89 162 187
90 267 349
91 26 261
92 17 281
93 89 130
94 192 90
95 25 230
96 326 199
97 347 189
98 117 156
99 379 321
100 197 126
101 315 122
102 43 398
103 368 279
104 26 332
105 156 190
106 315 153
107 222 299
108 332 141
109 50 45
110 123 213
111 377 277
112 276 179
113 217 157
114 109 359
115 236 300
116 196 76
117 179 340
118 281 265
119 105 77
120 163 212
121 397 120
122 388 302
123 328 99
124 249 22
125 377 359
126 260 317
127 55 201
128 151 1
129 256 344
130 300 279
131 192 84
132 175 307
133 248 183
134 109 383
135 46 141
136 153 59
137 339 304
138 162 235
139 151 61
140 370 144
141 190 333
142 359 66
143 344 345
144 155 344
145 396 317
146 376 354
147 354 233
148 246 360
149 211 364
150 30 1
151 68 243
152 315 209
153 398 197
154 114 391
155 85 123
156 164 173
157 169 4
158 78 22
159 109 58
160 377 358
161 123 20
162 148 328
163 321 141
164 96 89
165 105 273
166 370 262
167 248 26
168 361 262
169 387 112
170 158 282
171 68 94
172 1 340
173 184 54
174 384 271
175 59 336
176 238 243
177 365 168
178 1 49
179 329 376
180 194 265
181 34 132
182 84 147
183 15 106
184 324 162
185 88 343
186 136 324
187 271 71
188 237 357
189 226 11
190 383 231
191 317 320
192 309 294
193 127 148
194 282 3
195 169 267
196 205 350
197 54 9
198 378 111
199 91 294
200 292 102
201 251 61
202 234 364
203 220 396
204 244 171
205 19 150
206 293 102
207 295 7
208 79 277
209 265 133
210 254 283
211 219 123
212 61 203
213 64 170
214 100 42
215 88 200
216 212 88
217 12 234
218 276 68
219 353 18
220 88 44
221 320 55
222 203 275
223 308 321
224 368 141
225 77 233
226 147 300
227 284 325
228 305 204
229 6 99
230 255 92
231 33 252
232 9 327
233 271 295
234 395 178
235 96 27
236 2 16
237 167 396
238 224 278
239 148 136
240 137 309
241 145 99
242 326 138
243 340 360
244 189 114
245 62 339
246 122 390
247 134 345
248 111 174
249 66 338
250 398 120
251 356 197
252 59 346
253 212 108
254 180 142
255 398 265
256 345 41
257 64 259
258 131 139
259 31 334
260 202 369
261 50 153
262 8 4
263 54 124
264 257 200
265 145 202
266 78 148
267 161 45
268 9 324
269 245 341
270 380 391
271 391 233
272 318 102
273 180 380
274 43 255
275 117 243
276 235 318
277 324 4
278 385 71
279 187 354
280 338 265
281 70 215
282 379 281
283 159 319
284 241 214
285 8 9
286 237 182
287 91 277
288 143 84
289 183 126
290 127 384
291 159 347
292 111 62
293 137 343
294 87 214
295 197 6
296 216 105
297 241 135
298 306 242
299 31 279
300 131 309
301 81 84
302 280 89
303 46 164
304 286 134
305 107 373
306 37 220
307 263 36
308 387 256
309 15 300
310 292 341
311 106 146
312 119 281
313 367 54
314 69 197
315 333 110
316 366 186
317 228 280
318 144 379
319 223 13
320 87 88
321 183 260
322 312 372
323 202 109
324 222 149
325 236 277
326 255 187
327 146 317
328 171 236
329 325 140
330 91 218
331 155 327
332 168 42
333 3 290
334 296 329
335 287 285
336 65 228
337 169 161
338 224 170
339 345 129
340 40 309
341 25 324
342 218 233
343 225 362
344 240 207
345 206 190
346 34 166
347 369 208
348 214 384
349 340 165
350 110 211
351 115 382
352 312 123
353 347 161
354 43 178
355 362 230
356 319 339
357 71 79
358 103 156
359 19 391
360 322 288
361 136 211
362 82 105
363 325 47
364 100 50
365 30 73
366 224 85
367 325 321
368 97 20
369 349 395
370 214 311
371 210 395
372 356 29
373 320 150
374 146 242
375 19 369
376 236 118
377 266 193
378 42 198
379 151 206
380 279 338
381 24 380
382 242 270
383 307 111
384 352 66
385 12 255
386 358 263
387 15 309
388 188 185
389 147 166
390 36 20
391 78 53
392 346 0
393 383 292
394 325 333
395 274 289
396 130 269
397 198 37
398 167 62
399 117 89
400 10 237
401 201 353
402 222 261
403 283 321
404 236 285
405 363 304
406 92 131
407 179 326
408 291 219
409 204 180
410 385 383
411 327 173
412 316 392
413 31 4
414 242 60
415 348 29
416 35 177
417 176 396
418 345 177
419 33 105
420 231 387
421 394 115
422 293 399
423 349 71
424 202 241
425 21 352
426 20 128
427 353 32
428 282 2
429 133 262
430 244 27
431 365 10
432 349 365
433 2 349
434 337 232
435 34 121
436 119 262
437 290 11
438 292 234
439 220 23
440 121 387
441 61 167
442 190 174
443 234 339
444 223 169
445 376 148
446 369 162
447 322 68
448 263 307
449 371 249
450 309 263
451 328 383
452 312 263
453 40 373
454 286 385
455 240 179
456 352 93
457 394 390
458 168 302
459 83 391
460 81 95
461 254 168
462 306 246
463 162 335
464 19 232
465 78 8
466 40 60
467 363 10
468 117 255
469 95 367
470 233 291
471 191 311
472 57 324
473 371 340
474 121 388
475 12 200
476 73 30
477 181 367
478 114 31
479 381 110
480 70 350
481 386 146
482 276 156
483 365 49
484 219 318
485 216 174
486 220 231
487 58 219
488 110 23
489 238 320
490 220 165
491 24 255
492 230 232
493 180 386
494 258 127
495 30 287
496 241 239
497 292 33
498 28 106
499 337 381
500 353 83
501 110 129
502 148 58
503 342 133
504 44 377
505 42 263
506 138 147
507 189 179
508 316 262
509 114 116
510 143 141
511 155 292
512 304 321
513 249 42
514 316 39
515 123 122
516 296 328
517 1 260
518 129 334
519 244 19
520 135 205
521 50 149
522 87 129
523 128 248
524 12 382
525 362 166
526 61 234
527 130 225
528 254 155
529 283 357
530 389 248
531 4 135
532 152 194
533 89 146
534 4 123
535 370 235
536 252 278
537 194 117
538 64 382
539 315 262
540 47 395
541 81 79
542 336 355
543 382 80
544 296 221
545 138 240
546 389 31
547 397 47
548 376 397
549 395 128
550 243 105
551 57 369
552 173 211
553 137 95
554 98 252
555 376 234
556 68 397
557 172 107
558 90 7
559 376 297
560 110 186
561 173 2
562 312 35
563 376 90
564 52 239
565 61 205
566 356 205
567 85 212
568 251 174
569 232 75
570 227 319
571 94 250
572 273 347
573 37 293
574 341 160
575 235 287
576 129 178
577 107 221
578 243 70
579 15 140
580 186 300
581 23 231
582 386 29
583 54 17
584 280 127
585 40 116
586 396 307
587 240 91
588 216 115
589 370 58
590 82 289
591 174 22
592 106 295
593 296 268
594 306 190
595 392 341
596 253 48
597 95 176
598 368 209
599 23 176
600 105 46
601 269 86
602 315 310
603 232 239
604 352 336
605 344 32
606 260 274
607 153 16
608 314 139
609 37 339
610 234 229
611 110 126
612 164 335
613 343 110
614 332 250
615 329 68
616 14 353
617 245 33
618 216 366
619 319 335
620 228 55
621 154 251
622 372 398
623 354 358
624 379 310
625 116 342
626 233 130
627 186 113
628 363 226
629 327 117
630 278 35
631 150 395
632 287 154
633 88 132
634 173 142
635 50 313
636 96 259
637 243 93
638 370 237
639 272 147
640 298 291
641 264 44
642 303 48
643 389 399
644 106 258
645 225 333
646 171 271
647 343 85
648 379 218
649 38 385
650 143 132
651 55 147
652 268 4
653 322 365
654 58 328
655 83 311
656 41 115
657 301 133
658 292 385
659 114 130
660 331 234
661 276 32
662 57 107
663 253 313
664 50 162
665 228 273
666 331 329
667 316 361
668 207 280
669 344 387
670 350 297
671 135 237
672 86 305
673 106 130
674 71 200
675 144 172
676 243 39
677 336 193
678 181 72
679 30 288
680 26 270
681 11 250
682 309 7
683 280 385
684 286 185
685 281 135
686 187 324
687 224 162
688 207 112
689 333 327
690 59 316
691 86 347
692 202 333
693 165 138
694 160 343
695 239 169
696 79 332
697 264 352
698 186 311
699 310 348
700 363 122
701 359 271
702 196 149
703 277 149
704 35 47
705 118 227
706 21 391
707 264 4
708 319 5
709 357 367
710 273 164
711 67 262
712 376 190
713 65 357
714 90 251
715 96 144
716 253 394
717 161 368
718 159 356
719 67 139
720 204 32
721 299 71
722 175 383
723 152 128
724 55 312
725 180 286
726 283 177
727 363 55
728 115 207
729 14 272
730 153 189
731 370 232
732 287 340
733 7 172
734 345 37
735 103 149
736 97 27
737 183 164
738 359 54
739 161 284
740 34 42
741 227 318
742 281 184
743 297 237
744 164 47
745 391 181
746 36 174
747 350 333
748 323 185
749 43 84
750 24 122
751 179 349
752 342 293
753 146 11
754 32 277
755 345 133
756 162 55
757 0 195
758 279 179
759 40 321
760 147 376
761 95 300
762 67 56
763 72 276
764 4 172
765 118 251
766 304 71
767 220 131
768 88 397
769 389 286
770 366 144
771 378 270
772 50 155
773 273 303
774 84 70
775 55 290
776 288 362
777 160 106
778 297 287
779 370 245
780 164 262
781 354 147
782 258 242
783 382 360
784 327 216
785 272 68
786 321 338
787 251 238
788 91 52
789 380 290
790 6 140
791 173 173
792 149 116
793 43 235
794 302 86
795 276 47
796 168 108
797 297 284
798 179 72
799 186 254
800 150 315
801 298 359
802 41 393
803 397 145
804 128 7
805 40 371
806 116 282
807 274 399
808 316 102
809 231 388
810 126 209
811 357 39
812 143 235
813 132 61
814 159 298
815 97 131
816 236 76
817 318 265
818 161 321
819 55 29
820 266 154
821 185 170
822 25 186
823 255 346
824 227 267
825 92 372
826 3 333
827 361 70
828 51 350
829 141 304
830 396 53
831 176 14
832 120 3
833 109 289
834 341 359
835 71 78
836 343 101
837 265 89
838 188 117
839 318 239
840 342 306
841 103 85
842 187 269
843 364 119
844 277 288
845 129 282
846 26 313
847 276 306
848 369 19
849 134 240
850 126 194
851 203 294
852 102 174
853 306 380
854 215 367
855 384 142
856 83 89
857 6 65
858 84 378
859 146 18
860 133 20
861 72 158
862 76 352
863 359 338
864 203 178
865 81 394
866 55 74
867 0 17
868 267 2
869 276 40
870 184 142
871 171 375
872 5 374
873 55 69
874 56 383
875 216 192
876 93 55
877 54 153
878 366 216
879 109 184
880 369 178
881 173 376
882 216 335
883 311 34
884 173 212
885 232 223
886 366 321
887 321 34
888 302 177
889 19 207
890 143 12
891 226 23
892 332 260
893 135 291
894 197 334
895 304 251
896 82 193
897 398 199
898 8 230
899 73 172
900 319 334
901 142 75
902 256 283
903 116 224
904 370 319
905 236 379
906 248 312
907 150 18
908 330 386
909 131 336
910 129 197
911 287 342
912 181 150
913 40 79
914 306 87
915 249 275
916 197 99
917 152 317
918 240 135
919 333 92
920 241 164
921 153 119
922 33 324
923 379 326
924 14 73
925 329 277
926 136 283
927 229 352
928 12 114
929 38 138
930 11 136
931 106 374
932 127 244
933 139 359
934 274 55
935 120 329
936 45 317
937 192 366
938 148 118
939 101 26
940 227 47
941 311 106
942 337 184
943 228 245
944 75 279
945 305 172
946 351 35
947 318 301
948 327 245
949 194 271
950 282 227
951 74 174
952 370 26
953 0 372
954 107 42
955 179 129
956 57 230
957 84 273
958 64 189
959 37 224
960 43 357
961 190 260
962 32 205
963 70 183
964 60 342
965 287 142
966 137 223
967 139 283
968 202 258
969 58 142
970 258 367
971 115 206
972 180 388
973 243 229
974 43 57
975 304 142
976 26 269
977 32 39
978 286 303
979 150 37
980 124 66
981 93 298
982 300 191
983 37 303
984 337 294
985 357 42
986 0 185
987 64 210
988 182 395
989 308 154
990 246 359
991 385 63
992 52 151
993 383 117
994 21 202
995 73 168
996 336 322
997 384 366
998 2 362
999 285 179
1000 318 63
1001 363 90
1002 168 234
1003 270 69
1004 336 155
1005 236 271
1006 299 249
1007 243 224
1008 61 162
1009 100 335
1010 118 266
1011 280 41
1012 359 3
1013 337 228
